2014-10-04 01:36:41,038 - DEBUG - count : 9999
2014-10-04 01:36:41,038 - DEBUG - error_count : 0
2014-10-04 01:36:41,038 - DEBUG - excluded_count : 0
2014-10-04 01:36:41,039 - DEBUG - Dervied mean 3.35660166017
2014-10-04 01:36:41,039 - DEBUG - Dervied std 3.69761448338
2014-10-04 01:36:41,467 - DEBUG - count : 9999
2014-10-04 01:36:41,467 - DEBUG - error_count : 12
2014-10-04 01:36:41,467 - DEBUG - excluded_count : 917
2014-10-04 01:36:41,467 - DEBUG - scale values min {0: 1357049967, 2: 0.01, 3: -74.168175, 4: 40.59893}
2014-10-04 01:36:41,467 - DEBUG - scale values max {0: 1358571589, 2: 10.75, 3: -73.741234, 4: 40.875977}
2014-10-04 01:36:41,894 - DEBUG - count : 9999
2014-10-04 01:36:41,894 - DEBUG - error_count : 12
2014-10-04 01:36:41,894 - DEBUG - excluded_count : 917
2014-10-04 01:36:41,894 - DEBUG - inspection for transformation [[0, 120.0, 0.05772811918063315, 0.3866693524398103, 0.5058780640108086, -73.998634, 40.745052], [0, 960.0, 0.4394785847299814, 0.4561309408091701, 0.5392406342606147, -73.961327, 40.798691], [0, 420.0, 0.11266294227188081, 0.424983779960233, 0.5827097929232194, -73.998756, 40.760391]]
2014-10-04 01:37:28,360 - DEBUG - Loaded 1000000
2014-10-04 01:37:28,360 - DEBUG - error_count : 1129
2014-10-04 01:37:28,360 - DEBUG - excluded_count : 73213
2014-10-04 01:38:13,726 - DEBUG - Loaded 2000000
2014-10-04 01:38:13,726 - DEBUG - error_count : 1991
2014-10-04 01:38:13,726 - DEBUG - excluded_count : 147734
2014-10-04 01:39:00,725 - DEBUG - Loaded 3000000
2014-10-04 01:39:00,725 - DEBUG - error_count : 2434
2014-10-04 01:39:00,725 - DEBUG - excluded_count : 218961
2014-10-04 01:39:48,614 - DEBUG - Loaded 4000000
2014-10-04 01:39:48,614 - DEBUG - error_count : 2786
2014-10-04 01:39:48,614 - DEBUG - excluded_count : 284956
2014-10-04 01:40:38,938 - DEBUG - Loaded 5000000
2014-10-04 01:40:38,938 - DEBUG - error_count : 3258
2014-10-04 01:40:38,938 - DEBUG - excluded_count : 354373
2014-10-04 01:41:26,877 - DEBUG - Loaded 6000000
2014-10-04 01:41:26,877 - DEBUG - error_count : 4068
2014-10-04 01:41:26,877 - DEBUG - excluded_count : 421386
2014-10-04 01:42:13,009 - DEBUG - Loaded 7000000
2014-10-04 01:42:13,009 - DEBUG - error_count : 4450
2014-10-04 01:42:13,009 - DEBUG - excluded_count : 485377
2014-10-04 01:42:59,167 - DEBUG - Loaded 8000000
2014-10-04 01:42:59,167 - DEBUG - error_count : 4783
2014-10-04 01:42:59,167 - DEBUG - excluded_count : 547788
2014-10-04 01:43:46,580 - DEBUG - Loaded 9000000
2014-10-04 01:43:46,581 - DEBUG - error_count : 5658
2014-10-04 01:43:46,581 - DEBUG - excluded_count : 615300
2014-10-04 01:44:37,922 - DEBUG - Loaded 10000000
2014-10-04 01:44:37,922 - DEBUG - error_count : 6503
2014-10-04 01:44:37,922 - DEBUG - excluded_count : 685384
2014-10-04 01:45:25,491 - INFO - buffer sizes 10000001
2014-10-04 01:45:40,994 - DEBUG - Loaded 11000000
2014-10-04 01:45:40,994 - DEBUG - error_count : 7209
2014-10-04 01:45:40,994 - DEBUG - excluded_count : 752111
2014-10-04 01:46:26,472 - DEBUG - Loaded 12000000
2014-10-04 01:46:26,472 - DEBUG - error_count : 7607
2014-10-04 01:46:26,472 - DEBUG - excluded_count : 812727
2014-10-04 01:47:12,616 - DEBUG - Loaded 13000000
2014-10-04 01:47:12,616 - DEBUG - error_count : 8544
2014-10-04 01:47:12,616 - DEBUG - excluded_count : 883479
2014-10-04 01:48:14,675 - DEBUG - Loaded 14000000
2014-10-04 01:48:14,675 - DEBUG - error_count : 9230
2014-10-04 01:48:14,675 - DEBUG - excluded_count : 945409
2014-10-04 01:48:52,954 - DEBUG - count : 14776615
2014-10-04 01:48:52,955 - DEBUG - error_count : 9556
2014-10-04 01:48:52,955 - DEBUG - excluded_count : 994258
2014-10-04 01:49:53,106 - DEBUG - Loaded 1000000
2014-10-04 01:49:53,106 - DEBUG - error_count : 1033
2014-10-04 01:49:53,106 - DEBUG - excluded_count : 64204
2014-10-04 01:50:41,568 - DEBUG - Loaded 2000000
2014-10-04 01:50:41,568 - DEBUG - error_count : 1926
2014-10-04 01:50:41,568 - DEBUG - excluded_count : 130251
2014-10-04 01:51:29,544 - DEBUG - Loaded 3000000
2014-10-04 01:51:29,544 - DEBUG - error_count : 2796
2014-10-04 01:51:29,544 - DEBUG - excluded_count : 198525
2014-10-04 01:52:19,915 - DEBUG - Loaded 4000000
2014-10-04 01:52:19,915 - DEBUG - error_count : 3421
2014-10-04 01:52:19,915 - DEBUG - excluded_count : 269916
2014-10-04 01:53:07,591 - DEBUG - Loaded 5000000
2014-10-04 01:53:07,591 - DEBUG - error_count : 3862
2014-10-04 01:53:07,592 - DEBUG - excluded_count : 337201
2014-10-04 01:54:01,686 - DEBUG - Loaded 6000000
2014-10-04 01:54:01,686 - DEBUG - error_count : 4383
2014-10-04 01:54:01,686 - DEBUG - excluded_count : 405894
2014-10-04 01:55:05,626 - DEBUG - Loaded 7000000
2014-10-04 01:55:05,626 - DEBUG - error_count : 5137
2014-10-04 01:55:05,626 - DEBUG - excluded_count : 473578
2014-10-04 01:55:54,620 - DEBUG - Loaded 8000000
2014-10-04 01:55:54,622 - DEBUG - error_count : 5755
2014-10-04 01:55:54,622 - DEBUG - excluded_count : 540373
2014-10-04 01:56:49,967 - DEBUG - Loaded 9000000
2014-10-04 01:56:49,968 - DEBUG - error_count : 6175
2014-10-04 01:56:49,968 - DEBUG - excluded_count : 602454
2014-10-04 01:58:03,695 - DEBUG - Loaded 10000000
2014-10-04 01:58:03,695 - DEBUG - error_count : 6507
2014-10-04 01:58:03,695 - DEBUG - excluded_count : 666348
2014-10-04 01:59:07,707 - DEBUG - Loaded 11000000
2014-10-04 01:59:07,708 - DEBUG - error_count : 6880
2014-10-04 01:59:07,708 - DEBUG - excluded_count : 728865
2014-10-04 01:59:56,080 - DEBUG - Loaded 12000000
2014-10-04 01:59:56,081 - DEBUG - error_count : 7259
2014-10-04 01:59:56,081 - DEBUG - excluded_count : 794458
2014-10-04 02:00:48,260 - DEBUG - Loaded 13000000
2014-10-04 02:00:48,260 - DEBUG - error_count : 7920
2014-10-04 02:00:48,260 - DEBUG - excluded_count : 862201
2014-10-04 02:01:37,087 - DEBUG - count : 13990176
2014-10-04 02:01:37,087 - DEBUG - error_count : 8442
2014-10-04 02:01:37,087 - DEBUG - excluded_count : 920584
2014-10-04 02:10:28,042 - DEBUG - count : 9999
2014-10-04 02:10:28,042 - DEBUG - error_count : 0
2014-10-04 02:10:28,042 - DEBUG - excluded_count : 0
2014-10-04 02:10:28,043 - DEBUG - Dervied mean 3.35660166017
2014-10-04 02:10:28,043 - DEBUG - Dervied std 3.69761448338
2014-10-04 02:10:28,482 - DEBUG - count : 9999
2014-10-04 02:10:28,482 - DEBUG - error_count : 12
2014-10-04 02:10:28,482 - DEBUG - excluded_count : 508
2014-10-04 02:10:28,482 - DEBUG - scale values min {0: 1357049967, 2: 0.01, 3: -74.168175, 4: 40.59893}
2014-10-04 02:10:28,482 - DEBUG - scale values max {0: 1358571589, 2: 18.13, 3: -73.741234, 4: 40.875977}
2014-10-04 02:10:28,910 - DEBUG - count : 9999
2014-10-04 02:10:28,910 - DEBUG - error_count : 12
2014-10-04 02:10:28,910 - DEBUG - excluded_count : 508
2014-10-04 02:10:28,910 - DEBUG - inspection for transformation [[0, 120.0, 0.03421633554083885, 0.3866693524398103, 0.5058780640108086, -73.998634, 40.745052], [0, 960.0, 0.2604856512141281, 0.4561309408091701, 0.5392406342606147, -73.961327, 40.798691], [0, 420.0, 0.06677704194260486, 0.424983779960233, 0.5827097929232194, -73.998756, 40.760391]]
2014-10-04 02:11:21,032 - DEBUG - Loaded 1000000
2014-10-04 02:11:21,032 - DEBUG - error_count : 1129
2014-10-04 02:11:21,032 - DEBUG - excluded_count : 42127
2014-10-04 02:12:12,204 - DEBUG - Loaded 2000000
2014-10-04 02:12:12,204 - DEBUG - error_count : 1991
2014-10-04 02:12:12,204 - DEBUG - excluded_count : 86345
2014-10-04 02:13:25,351 - DEBUG - Loaded 3000000
2014-10-04 02:13:25,351 - DEBUG - error_count : 2434
2014-10-04 02:13:25,351 - DEBUG - excluded_count : 127798
2014-10-04 02:14:58,629 - DEBUG - Loaded 4000000
2014-10-04 02:14:58,629 - DEBUG - error_count : 2786
2014-10-04 02:14:58,629 - DEBUG - excluded_count : 165159
2014-10-04 02:16:29,504 - DEBUG - Loaded 5000000
2014-10-04 02:16:29,504 - DEBUG - error_count : 3258
2014-10-04 02:16:29,504 - DEBUG - excluded_count : 204663
2014-10-04 02:18:01,525 - DEBUG - Loaded 6000000
2014-10-04 02:18:01,525 - DEBUG - error_count : 4068
2014-10-04 02:18:01,525 - DEBUG - excluded_count : 244847
2014-10-04 02:19:37,596 - DEBUG - Loaded 7000000
2014-10-04 02:19:37,596 - DEBUG - error_count : 4450
2014-10-04 02:19:37,596 - DEBUG - excluded_count : 286000
2014-10-04 02:21:08,995 - DEBUG - Loaded 8000000
2014-10-04 02:21:08,997 - DEBUG - error_count : 4783
2014-10-04 02:21:08,997 - DEBUG - excluded_count : 327379
2014-10-04 02:22:41,904 - DEBUG - Loaded 9000000
2014-10-04 02:22:41,906 - DEBUG - error_count : 5658
2014-10-04 02:22:41,906 - DEBUG - excluded_count : 369349
2014-10-04 02:24:12,570 - DEBUG - Loaded 10000000
2014-10-04 02:24:12,571 - DEBUG - error_count : 6503
2014-10-04 02:24:12,571 - DEBUG - excluded_count : 411366
2014-10-04 02:25:09,880 - INFO - buffer sizes 10000001
2014-10-04 02:26:12,409 - DEBUG - Loaded 11000000
2014-10-04 02:26:12,409 - DEBUG - error_count : 7209
2014-10-04 02:26:12,409 - DEBUG - excluded_count : 450090
2014-10-04 02:27:43,960 - DEBUG - Loaded 12000000
2014-10-04 02:27:43,960 - DEBUG - error_count : 7607
2014-10-04 02:27:43,960 - DEBUG - excluded_count : 489137
2014-10-04 02:29:18,472 - DEBUG - Loaded 13000000
2014-10-04 02:29:18,473 - DEBUG - error_count : 8544
2014-10-04 02:29:18,473 - DEBUG - excluded_count : 532074
2014-10-04 02:30:49,598 - DEBUG - Loaded 14000000
2014-10-04 02:30:49,598 - DEBUG - error_count : 9230
2014-10-04 02:30:49,598 - DEBUG - excluded_count : 570547
2014-10-04 02:32:01,124 - DEBUG - count : 14776615
2014-10-04 02:32:01,125 - DEBUG - error_count : 9556
2014-10-04 02:32:01,126 - DEBUG - excluded_count : 601743
2014-10-04 02:33:42,708 - DEBUG - Loaded 1000000
2014-10-04 02:33:42,708 - DEBUG - error_count : 1033
2014-10-04 02:33:42,708 - DEBUG - excluded_count : 40006
2014-10-04 02:34:37,294 - DEBUG - Loaded 2000000
2014-10-04 02:34:37,295 - DEBUG - error_count : 1926
2014-10-04 02:34:37,295 - DEBUG - excluded_count : 81254
2014-10-04 02:35:23,789 - DEBUG - Loaded 3000000
2014-10-04 02:35:23,789 - DEBUG - error_count : 2796
2014-10-04 02:35:23,789 - DEBUG - excluded_count : 122794
2014-10-04 02:36:11,940 - DEBUG - Loaded 4000000
2014-10-04 02:36:11,940 - DEBUG - error_count : 3421
2014-10-04 02:36:11,940 - DEBUG - excluded_count : 166216
2014-10-04 02:37:38,218 - DEBUG - Loaded 5000000
2014-10-04 02:37:38,218 - DEBUG - error_count : 3862
2014-10-04 02:37:38,218 - DEBUG - excluded_count : 204927
2014-10-04 02:39:13,416 - DEBUG - Loaded 6000000
2014-10-04 02:39:13,417 - DEBUG - error_count : 4383
2014-10-04 02:39:13,417 - DEBUG - excluded_count : 246987
2014-10-04 02:40:57,302 - DEBUG - Loaded 7000000
2014-10-04 02:40:57,304 - DEBUG - error_count : 5137
2014-10-04 02:40:57,304 - DEBUG - excluded_count : 287857
2014-10-04 02:42:41,097 - DEBUG - Loaded 8000000
2014-10-04 02:42:41,097 - DEBUG - error_count : 5755
2014-10-04 02:42:41,097 - DEBUG - excluded_count : 327019
2014-10-04 02:44:14,390 - DEBUG - Loaded 9000000
2014-10-04 02:44:14,392 - DEBUG - error_count : 6175
2014-10-04 02:44:14,392 - DEBUG - excluded_count : 366998
2014-10-04 02:45:46,288 - DEBUG - Loaded 10000000
2014-10-04 02:45:46,289 - DEBUG - error_count : 6507
2014-10-04 02:45:46,289 - DEBUG - excluded_count : 403971
2014-10-04 02:47:36,985 - DEBUG - Loaded 11000000
2014-10-04 02:47:36,985 - DEBUG - error_count : 6880
2014-10-04 02:47:36,985 - DEBUG - excluded_count : 444171
2014-10-04 02:49:12,229 - DEBUG - Loaded 12000000
2014-10-04 02:49:12,229 - DEBUG - error_count : 7259
2014-10-04 02:49:12,229 - DEBUG - excluded_count : 483005
2014-10-04 02:50:45,379 - DEBUG - Loaded 13000000
2014-10-04 02:50:45,379 - DEBUG - error_count : 7920
2014-10-04 02:50:45,379 - DEBUG - excluded_count : 525733
2014-10-04 02:52:20,346 - DEBUG - count : 13990176
2014-10-04 02:52:20,346 - DEBUG - error_count : 8442
2014-10-04 02:52:20,347 - DEBUG - excluded_count : 562426
